{"numTotalTestSuites":8,"numPassedTestSuites":5,"numFailedTestSuites":3,"numPendingTestSuites":0,"numTotalTests":32,"numPassedTests":30,"numFailedTests":2,"numPendingTests":0,"numTodoTests":0,"snapshot":{"added":0,"failure":false,"filesAdded":0,"filesRemoved":0,"filesRemovedList":[],"filesUnmatched":0,"filesUpdated":0,"matched":0,"total":0,"unchecked":0,"uncheckedKeysByFile":[],"unmatched":0,"updated":0,"didUpdate":false},"startTime":1783464905162,"success":false,"testResults":[{"assertionResults":[{"ancestorTitles":["ColumnarDataFrame"],"fullName":"ColumnarDataFrame should allocate correct buffer size","status":"passed","title":"should allocate correct buffer size","duration":2.973399999999856,"failureMessages":[],"meta":{}},{"ancestorTitles":["ColumnarDataFrame"],"fullName":"ColumnarDataFrame should set and get rows correctly","status":"passed","title":"should set and get rows correctly","duration":0.8908000000001266,"failureMessages":[],"meta":{}},{"ancestorTitles":["ColumnarDataFrame"],"fullName":"ColumnarDataFrame should throw on out of bounds access","status":"passed","title":"should throw on out of bounds access","duration":0.776199999999335,"failureMessages":[],"meta":{}},{"ancestorTitles":["ColumnarDataFrame"],"fullName":"ColumnarDataFrame should maintain chronological order","status":"passed","title":"should maintain chronological order","duration":0.5354999999999563,"failureMessages":[],"meta":{}},{"ancestorTitles":["StreamingParser"],"fullName":"StreamingParser should discover schema from standard OHLCV headers","status":"passed","title":"should discover schema from standard OHLCV headers","duration":1.176900000000387,"failureMessages":[],"meta":{}},{"ancestorTitles":["StreamingParser"],"fullName":"StreamingParser should discover schema from Yahoo Finance aliases","status":"passed","title":"should discover schema from Yahoo Finance aliases","duration":0.7957000000005792,"failureMessages":[],"meta":{}},{"ancestorTitles":["StreamingParser"],"fullName":"StreamingParser should throw on missing required columns","status":"passed","title":"should throw on missing required columns","duration":1.9531999999999243,"failureMessages":[],"meta":{}},{"ancestorTitles":["StreamingParser"],"fullName":"StreamingParser should parse valid CSV data correctly","status":"passed","title":"should parse valid CSV data correctly","duration":5.262900000000627,"failureMessages":[],"meta":{}},{"ancestorTitles":["StreamingParser"],"fullName":"StreamingParser should filter out zero/negative prices","status":"passed","title":"should filter out zero/negative prices","duration":1.207499999999527,"failureMessages":[],"meta":{}},{"ancestorTitles":["StreamingParser"],"fullName":"StreamingParser should filter out >50% price swings","status":"passed","title":"should filter out >50% price swings","duration":0.7447000000001935,"failureMessages":[],"meta":{}},{"ancestorTitles":["OrderPool"],"fullName":"OrderPool should recycle orders correctly","status":"passed","title":"should recycle orders correctly","duration":0.6952999999994063,"failureMessages":[],"meta":{}},{"ancestorTitles":["OrderPool"],"fullName":"OrderPool should wrap around at capacity","status":"passed","title":"should wrap around at capacity","duration":0.2579999999998108,"failureMessages":[],"meta":{}},{"ancestorTitles":["PositionPool"],"fullName":"PositionPool should recycle positions correctly","status":"passed","title":"should recycle positions correctly","duration":0.6531999999997424,"failureMessages":[],"meta":{}},{"ancestorTitles":["SimulationEngine"],"fullName":"SimulationEngine should initialize with correct capital","status":"passed","title":"should initialize with correct capital","duration":2.2402000000001863,"failureMessages":[],"meta":{}},{"ancestorTitles":["SimulationEngine"],"fullName":"SimulationEngine should execute market orders with slippage","status":"passed","title":"should execute market orders with slippage","duration":2.3464999999996508,"failureMessages":[],"meta":{}},{"ancestorTitles":["SimulationEngine"],"fullName":"SimulationEngine should respect stop losses","status":"passed","title":"should respect stop losses","duration":2.520499999999629,"failureMessages":[],"meta":{}},{"ancestorTitles":["SimulationEngine"],"fullName":"SimulationEngine should fill market orders at the triggering bar close","status":"passed","title":"should fill market orders at the triggering bar close","duration":3.335300000000643,"failureMessages":[],"meta":{}},{"ancestorTitles":["SimulationEngine"],"fullName":"SimulationEngine should honor the explicit risk override over the strategy default","status":"failed","title":"should honor the explicit risk override over the strategy default","duration":28.19750000000022,"failureMessages":["AssertionError: expected +0 to be 1 // Object.is equality\n    at C:\\Users\\USER\\Desktop\\all-projects\\quantengine-pro-v2\\src\\engine.test.ts:313:46\n    at file:///C:/Users/USER/Desktop/all-projects/quantengine-pro-v2/node_modules/@vitest/runner/dist/index.js:146:14\n    at file:///C:/Users/USER/Desktop/all-projects/quantengine-pro-v2/node_modules/@vitest/runner/dist/index.js:533:11\n    at runWithTimeout (file:///C:/Users/USER/Desktop/all-projects/quantengine-pro-v2/node_modules/@vitest/runner/dist/index.js:39:7)\n    at runTest (file:///C:/Users/USER/Desktop/all-projects/quantengine-pro-v2/node_modules/@vitest/runner/dist/index.js:1056:17)\n    at processTicksAndRejections (node:internal/process/task_queues:103:5)\n    at runSuite (file:///C:/Users/USER/Desktop/all-projects/quantengine-pro-v2/node_modules/@vitest/runner/dist/index.js:1205:15)\n    at runSuite (file:///C:/Users/USER/Desktop/all-projects/quantengine-pro-v2/node_modules/@vitest/runner/dist/index.js:1205:15)\n    at runFiles (file:///C:/Users/USER/Desktop/all-projects/quantengine-pro-v2/node_modules/@vitest/runner/dist/index.js:1262:5)\n    at startTests (file:///C:/Users/USER/Desktop/all-projects/quantengine-pro-v2/node_modules/@vitest/runner/dist/index.js:1271:3)"],"meta":{}},{"ancestorTitles":["SimulationEngine"],"fullName":"SimulationEngine should record a trade for stop-loss exits","status":"passed","title":"should record a trade for stop-loss exits","duration":5.152600000000348,"failureMessages":[],"meta":{}},{"ancestorTitles":["SimulationEngine"],"fullName":"SimulationEngine should generate equity curve","status":"passed","title":"should generate equity curve","duration":5.772500000000036,"failureMessages":[],"meta":{}},{"ancestorTitles":["SimulationEngine"],"fullName":"SimulationEngine should apply drawdown scaling","status":"passed","title":"should apply drawdown scaling","duration":1.9187000000001717,"failureMessages":[],"meta":{}},{"ancestorTitles":["SimulationEngine"],"fullName":"SimulationEngine should honor the backtest risk override over the strategy default","status":"passed","title":"should honor the backtest risk override over the strategy default","duration":1.4366999999992913,"failureMessages":[],"meta":{}},{"ancestorTitles":["SimulationEngine"],"fullName":"SimulationEngine should cap drawdown at 100%","status":"passed","title":"should cap drawdown at 100%","duration":1.2402000000001863,"failureMessages":[],"meta":{}},{"ancestorTitles":["SimulationEngine"],"fullName":"SimulationEngine should calculate commission correctly for all types","status":"passed","title":"should calculate commission correctly for all types","duration":11.754299999999603,"failureMessages":[],"meta":{}},{"ancestorTitles":["AnalyticsCompiler"],"fullName":"AnalyticsCompiler should compile empty ledger for empty curve","status":"passed","title":"should compile empty ledger for empty curve","duration":1.146299999999428,"failureMessages":[],"meta":{}},{"ancestorTitles":["AnalyticsCompiler"],"fullName":"AnalyticsCompiler should calculate profit factor correctly","status":"passed","title":"should calculate profit factor correctly","duration":0.6037999999998647,"failureMessages":[],"meta":{}},{"ancestorTitles":["AnalyticsCompiler"],"fullName":"AnalyticsCompiler should calculate drawdown correctly","status":"passed","title":"should calculate drawdown correctly","duration":0.5801999999994223,"failureMessages":[],"meta":{}},{"ancestorTitles":["AnalyticsCompiler"],"fullName":"AnalyticsCompiler should calculate Sharpe ratio for positive returns","status":"failed","title":"should calculate Sharpe ratio for positive returns","duration":1.6475000000000364,"failureMessages":["AssertionError: expected 0 to be greater than 0\n    at C:\\Users\\USER\\Desktop\\all-projects\\quantengine-pro-v2\\src\\engine.test.ts:470:43\n    at file:///C:/Users/USER/Desktop/all-projects/quantengine-pro-v2/node_modules/@vitest/runner/dist/index.js:146:14\n    at file:///C:/Users/USER/Desktop/all-projects/quantengine-pro-v2/node_modules/@vitest/runner/dist/index.js:533:11\n    at runWithTimeout (file:///C:/Users/USER/Desktop/all-projects/quantengine-pro-v2/node_modules/@vitest/runner/dist/index.js:39:7)\n    at runTest (file:///C:/Users/USER/Desktop/all-projects/quantengine-pro-v2/node_modules/@vitest/runner/dist/index.js:1056:17)\n    at processTicksAndRejections (node:internal/process/task_queues:103:5)\n    at runSuite (file:///C:/Users/USER/Desktop/all-projects/quantengine-pro-v2/node_modules/@vitest/runner/dist/index.js:1205:15)\n    at runSuite (file:///C:/Users/USER/Desktop/all-projects/quantengine-pro-v2/node_modules/@vitest/runner/dist/index.js:1205:15)\n    at runFiles (file:///C:/Users/USER/Desktop/all-projects/quantengine-pro-v2/node_modules/@vitest/runner/dist/index.js:1262:5)\n    at startTests (file:///C:/Users/USER/Desktop/all-projects/quantengine-pro-v2/node_modules/@vitest/runner/dist/index.js:1271:3)"],"meta":{}},{"ancestorTitles":["AnalyticsCompiler"],"fullName":"AnalyticsCompiler should calculate Tharp expectancy correctly","status":"passed","title":"should calculate Tharp expectancy correctly","duration":0.7447000000001935,"failureMessages":[],"meta":{}},{"ancestorTitles":["AnalyticsCompiler"],"fullName":"AnalyticsCompiler should handle circuit breaker scenario (100% drawdown)","status":"passed","title":"should handle circuit breaker scenario (100% drawdown)","duration":0.5249000000003434,"failureMessages":[],"meta":{}},{"ancestorTitles":["AnalyticsCompiler"],"fullName":"AnalyticsCompiler should annualize correctly for minutely data","status":"passed","title":"should annualize correctly for minutely data","duration":0.6224000000001979,"failureMessages":[],"meta":{}},{"ancestorTitles":["End-to-End Integration"],"fullName":"End-to-End Integration should run full pipeline: parse -> simulate -> compile","status":"passed","title":"should run full pipeline: parse -> simulate -> compile","duration":10.106299999999464,"failureMessages":[],"meta":{}}],"startTime":1783464911319,"endTime":1783464911421.1062,"status":"failed","message":"","name":"C:/Users/USER/Desktop/all-projects/quantengine-pro-v2/src/engine.test.ts"}]}